<?xml version="1.0" encoding="UTF-8"?>
<testng-results ignored="0" total="1" passed="1" failed="0" skipped="0">
  <reporter-output>
  </reporter-output>
  <suite started-at="2024-07-29T15:14:48 IDT" name="Suite" finished-at="2024-07-29T15:14:53 IDT" duration-ms="5176">
    <groups>
    </groups>
    <test started-at="2024-07-29T15:14:48 IDT" name="DynamicTests" finished-at="2024-07-29T15:14:53 IDT" duration-ms="5176">
      <class name="tests.UiTests">
        <test-method is-config="true" signature="setUp(java.lang.String,java.lang.String,java.lang.String,java.lang.String)[pri:0, instance:tests.UiTests@4ac3c60d]" started-at="2024-07-29T15:14:48 IDT" name="setUp" finished-at="2024-07-29T15:14:49 IDT" duration-ms="1344" status="PASS">
          <params>
            <param index="0">
              <value>
                <![CDATA[chrome]]>
              </value>
            </param>
            <param index="1">
              <value>
                <![CDATA[https://the-internet.herokuapp.com/login]]>
              </value>
            </param>
            <param index="2">
              <value>
                <![CDATA[tomsmith]]>
              </value>
            </param>
            <param index="3">
              <value>
                <![CDATA[SuperSecretPassword!]]>
              </value>
            </param>
          </params>
          <reporter-output>
          </reporter-output>
        </test-method> <!-- setUp -->
        <test-method signature="testLogin()[pri:0, instance:tests.UiTests@4ac3c60d]" started-at="2024-07-29T15:14:49 IDT" name="testLogin" description="User can login successfully with valid credentials" finished-at="2024-07-29T15:14:53 IDT" duration-ms="3187" status="PASS">
          <reporter-output>
          </reporter-output>
        </test-method> <!-- testLogin -->
        <test-method is-config="true" signature="tearDown()[pri:0, instance:tests.UiTests@4ac3c60d]" started-at="2024-07-29T15:14:53 IDT" name="tearDown" finished-at="2024-07-29T15:14:53 IDT" duration-ms="457" status="PASS">
          <reporter-output>
          </reporter-output>
        </test-method> <!-- tearDown -->
      </class> <!-- tests.UiTests -->
    </test> <!-- DynamicTests -->
  </suite> <!-- Suite -->
</testng-results>
